#
# There is insufficient memory for the Java Runtime Environment to continue.
# Native memory allocation (malloc) failed to allocate 4878040 bytes. Error detail: Chunk::new
# Possible reasons:
#   The system is out of physical RAM or swap space
#   This process is running with CompressedOops enabled, and the Java Heap may be blocking the growth of the native heap
# Possible solutions:
#   Reduce memory load on the system
#   Increase physical memory or swap space
#   Check if swap backing store is full
#   Decrease Java heap size (-Xmx/-Xms)
#   Decrease number of Java threads
#   Decrease Java thread stack sizes (-Xss)
#   Set larger code cache with -XX:ReservedCodeCacheSize=
#   JVM is running with Unscaled Compressed Oops mode in which the Java heap is
#     placed in the first 4GB address space. The Java Heap base address is the
#     maximum limit for the native heap growth. Please use -XX:HeapBaseMinAddress
#     to set the Java Heap base and to place the Java Heap above 4GB virtual address.
# This output file may be truncated or incomplete.
#
#  Out of Memory Error (arena.cpp:186), pid=15128, tid=18552
#
# JRE version: OpenJDK Runtime Environment Temurin-25.0.2+10 (25.0.2+10) (build 25.0.2+10-LTS)
# Java VM: OpenJDK 64-Bit Server VM Temurin-25.0.2+10 (25.0.2+10-LTS, mixed mode, sharing, tiered, compressed oops, compressed class ptrs, g1 gc, windows-amd64)
# No core dump will be written. Minidumps are not enabled by default on client versions of Windows
#

---------------  S U M M A R Y ------------

Command Line: --enable-native-access=ALL-UNNAMED -Dclassworlds.conf=C:\Program Files\Apache NetBeans\java\maven\bin\m2.conf -Dmaven.home=C:\Program Files\Apache NetBeans\java\maven -Dlibrary.jansi.path=C:\Program Files\Apache NetBeans\java\maven\lib\jansi-native -Dmaven.multiModuleProjectDirectory=C:\Users\fortune\OneDrive\Documents\NetBeansProjects\PROG5121_POE-2026(FORTUNE MASHILE)\Registration org.codehaus.plexus.classworlds.launcher.Launcher -Dexec.vmArgs= -Dexec.args=${exec.vmArgs} -classpath %classpath ${exec.mainClass} ${exec.appArgs} -Dexec.appArgs= -Dexec.mainClass=com.poe.registration.Registration -Dexec.executable=C:\Program Files\Apache NetBeans\jdk\bin\java.exe -Dmaven.ext.class.path=C:\Program Files\Apache NetBeans\java\maven-nblib\netbeans-eventspy.jar --no-transfer-progress process-classes org.codehaus.mojo:exec-maven-plugin:3.5.1:exec

Host: Intel(R) Core(TM) i5-1035G1 CPU @ 1.00GHz, 8 cores, 3G,  Windows 10 , 64 bit Build 19041 (10.0.19041.5915)
Time: Fri Jun 12 18:36:11 2026 South Africa Standard Time elapsed time: 6.308593 seconds (0d 0h 0m 6s)

---------------  T H R E A D  ---------------

Current thread (0x000001e154a61780):  JavaThread "C2 CompilerThread0" daemon [_thread_in_native, id=18552, stack(0x0000007e28500000,0x0000007e28600000) (1024K)]


Current CompileTask:
C2:6308 3010       4       org.codehaus.plexus.util.xml.pull.MXParser::parseStartTag (1205 bytes)

Stack: [0x0000007e28500000,0x0000007e28600000]
Native frames: (J=compiled Java code, j=interpreted, Vv=VM code, C=native code)
V  [jvm.dll+0x7a8bc9]  (no source info available)
V  [jvm.dll+0x77310d]  (no source info available)
V  [jvm.dll+0x9f55f3]  (no source info available)
V  [jvm.dll+0x9f7be1]  (no source info available)
V  [jvm.dll+0x9f82f3]  (no source info available)
V  [jvm.dll+0x2fce26]  (no source info available)
V  [jvm.dll+0x111076]  (no source info available)
V  [jvm.dll+0x11139e]  (no source info available)
V  [jvm.dll+0x19fff2]  (no source info available)
V  [jvm.dll+0x3b5f62]  (no source info available)
V  [jvm.dll+0x7ae53c]  (no source info available)
V  [jvm.dll+0x2c0407]  (no source info available)
V  [jvm.dll+0x2bf3cf]  (no source info available)
V  [jvm.dll+0x237140]  (no source info available)
V  [jvm.dll+0x2cf4c6]  (no source info available)
V  [jvm.dll+0x2cd74a]  (no source info available)
V  [jvm.dll+0x48fbee]  (no source info available)
V  [jvm.dll+0x996b0d]  (no source info available)
V  [jvm.dll+0x7a71a5]  (no source info available)
C  [ucrtbase.dll+0x21bb2]  (no source info available)
C  [KERNEL32.DLL+0x17374]  (no source info available)
C  [ntdll.dll+0x4cc91]  (no source info available)

Lock stack of current Java thread (top to bottom):


---------------  P R O C E S S  ---------------

Threads class SMR info:
_java_thread_list=0x000001e159156600, length=11, elements={
0x000001e136dbe230, 0x000001e139143aa0, 0x000001e139144500, 0x000001e139147160,
0x000001e139148d30, 0x000001e13914a090, 0x000001e13914b3f0, 0x000001e154a61780,
0x000001e154a62390, 0x000001e154bc6630, 0x000001e154bd1e90
}

Java Threads: ( => current thread )
  0x000001e136dbe230 JavaThread "main"                              [_thread_in_vm, id=17936, stack(0x0000007e27700000,0x0000007e27800000) (1024K)]
  0x000001e139143aa0 JavaThread "Reference Handler"          daemon [_thread_blocked, id=19212, stack(0x0000007e27f00000,0x0000007e28000000) (1024K)]
  0x000001e139144500 JavaThread "Finalizer"                  daemon [_thread_blocked, id=1728, stack(0x0000007e28000000,0x0000007e28100000) (1024K)]
  0x000001e139147160 JavaThread "Signal Dispatcher"          daemon [_thread_blocked, id=17056, stack(0x0000007e28100000,0x0000007e28200000) (1024K)]
  0x000001e139148d30 JavaThread "Attach Listener"            daemon [_thread_blocked, id=23788, stack(0x0000007e28200000,0x0000007e28300000) (1024K)]
  0x000001e13914a090 JavaThread "Service Thread"             daemon [_thread_blocked, id=29344, stack(0x0000007e28300000,0x0000007e28400000) (1024K)]
  0x000001e13914b3f0 JavaThread "Monitor Deflation Thread"   daemon [_thread_blocked, id=27856, stack(0x0000007e28400000,0x0000007e28500000) (1024K)]
=>0x000001e154a61780 JavaThread "C2 CompilerThread0"         daemon [_thread_in_native, id=18552, stack(0x0000007e28500000,0x0000007e28600000) (1024K)]
  0x000001e154a62390 JavaThread "C1 CompilerThread0"         daemon [_thread_in_native, id=20468, stack(0x0000007e28600000,0x0000007e28700000) (1024K)]
  0x000001e154bc6630 JavaThread "Notification Thread"        daemon [_thread_blocked, id=21512, stack(0x0000007e28700000,0x0000007e28800000) (1024K)]
  0x000001e154bd1e90 JavaThread "Common-Cleaner"             daemon [_thread_blocked, id=19992, stack(0x0000007e28800000,0x0000007e28900000) (1024K)]
Total: 11

Other Threads:
  0x000001e139132d90 VMThread "VM Thread"                           [id=21600, stack(0x0000007e27e00000,0x0000007e27f00000) (1024K)]
  0x000001e154a5ac00 WatcherThread "VM Periodic Task Thread"        [id=13336, stack(0x0000007e27d00000,0x0000007e27e00000) (1024K)]
  0x000001e1390c02a0 WorkerThread "GC Thread#0"                     [id=21544, stack(0x0000007e27800000,0x0000007e27900000) (1024K)]
  0x000001e1598b47f0 WorkerThread "GC Thread#1"                     [id=11712, stack(0x0000007e28900000,0x0000007e28a00000) (1024K)]
  0x000001e1599eedc0 WorkerThread "GC Thread#2"                     [id=28648, stack(0x0000007e28a00000,0x0000007e28b00000) (1024K)]
  0x000001e1599ef600 WorkerThread "GC Thread#3"                     [id=1588, stack(0x0000007e28b00000,0x0000007e28c00000) (1024K)]
  0x000001e159680850 WorkerThread "GC Thread#4"                     [id=28108, stack(0x0000007e28c00000,0x0000007e28d00000) (1024K)]
  0x000001e1596848d0 WorkerThread "GC Thread#5"                     [id=9532, stack(0x0000007e28d00000,0x0000007e28e00000) (1024K)]
  0x000001e1390cd2b0 ConcurrentGCThread "G1 Main Marker"            [id=3364, stack(0x0000007e27900000,0x0000007e27a00000) (1024K)]
  0x000001e1390ce5f0 WorkerThread "G1 Conc#0"                       [id=23340, stack(0x0000007e27a00000,0x0000007e27b00000) (1024K)]
  0x000001e1391124e0 ConcurrentGCThread "G1 Refine#0"               [id=23816, stack(0x0000007e27b00000,0x0000007e27c00000) (1024K)]
  0x000001e1391130f0 ConcurrentGCThread "G1 Service"                [id=29276, stack(0x0000007e27c00000,0x0000007e27d00000) (1024K)]
Total: 12

Threads with active compile tasks:
C2 CompilerThread0  6563 3010       4       org.codehaus.plexus.util.xml.pull.MXParser::parseStartTag (1205 bytes)
C1 CompilerThread0  6563 3367       3       java.util.stream.Collectors::lambda$uniqKeysMapAccumulator$0 (49 bytes)
Total: 2

VM state: not at safepoint (normal execution)

VM Mutex/Monitor currently owned by a thread: None

Heap address: 0x00000000c6600000, size: 922 MB, Compressed Oops mode: 32-bit

CDS archive(s) mapped at: [0x0000000027000000-0x0000000027dd0000-0x0000000027dd0000), size 14483456, SharedBaseAddress: 0x0000000027000000, ArchiveRelocationMode: 1.
Compressed class space mapped at: 0x0000000028000000-0x0000000068000000, reserved size: 1073741824
UseCompressedClassPointers 1, UseCompactObjectHeaders 0
Narrow klass pointer bits 32, Max shift 3
Narrow klass base: 0x0000000027000000, Narrow klass shift: 0
Encoding Range: [0x0000000027000000 - 0x0000000127000000), (4294967296 bytes)
Klass Range:    [0x0000000027010000 - 0x0000000068000000), (1090453504 bytes)
Klass ID Range:  [65536 - 1090519033) (1090453497)
Protection zone: [0x0000000027000000 - 0x0000000027010000), (65536 bytes)

GC Precious Log:
 CardTable entry size: 512
 Card Set container configuration: InlinePtr #cards 5 size 8 Array Of Cards #cards 10 size 36 Howl #buckets 4 coarsen threshold 1843 Howl Bitmap #cards 512 size 80 coarsen threshold 460 Card regions per heap region 1 cards per card region 2048
 CPUs: 8 total, 8 available
 Memory: 3682M
 Large Page Support: Disabled
 NUMA Support: Disabled
 Compressed Oops: Enabled (32-bit)
 Heap Region Size: 1M
 Heap Min Capacity: 8M
 Heap Initial Capacity: 58M
 Heap Max Capacity: 922M
 Pre-touch: Disabled
 Parallel Workers: 8
 Concurrent Workers: 2
 Concurrent Refinement Workers: 8
 Periodic GC: Disabled

Heap:
 garbage-first heap   total reserved 944128K, committed 61440K, used 33044K [0x00000000c6600000, 0x0000000100000000)
  region size 1024K, 30 young (30720K), 2 survivors (2048K)

Heap Regions: E=young(eden), S=young(survivor), O=old, HS=humongous(starts), HC=humongous(continues), CS=collection set, F=free, TAMS=top-at-mark-start, PB=parsable bottom
|   0|0x00000000c6600000, 0x00000000c6700000, 0x00000000c6700000|100%| O|  |TAMS 0x00000000c6600000| PB 0x00000000c6600000| Untracked |  0
|   1|0x00000000c6700000, 0x00000000c6800000, 0x00000000c6800000|100%| O|  |TAMS 0x00000000c6700000| PB 0x00000000c6700000| Untracked |  0
|   2|0x00000000c6800000, 0x00000000c6900000, 0x00000000c6900000|100%| O|  |TAMS 0x00000000c6800000| PB 0x00000000c6800000| Untracked |  0
|   3|0x00000000c6900000, 0x00000000c6920400, 0x00000000c6a00000| 12%| O|  |TAMS 0x00000000c6900000| PB 0x00000000c6900000| Untracked |  0
|   4|0x00000000c6a00000, 0x00000000c6a00000, 0x00000000c6b00000|  0%| F|  |TAMS 0x00000000c6a00000| PB 0x00000000c6a00000| Untracked |  0
|   5|0x00000000c6b00000, 0x00000000c6b00000, 0x00000000c6c00000|  0%| F|  |TAMS 0x00000000c6b00000| PB 0x00000000c6b00000| Untracked |  0
|   6|0x00000000c6c00000, 0x00000000c6c00000, 0x00000000c6d00000|  0%| F|  |TAMS 0x00000000c6c00000| PB 0x00000000c6c00000| Untracked |  0
|   7|0x00000000c6d00000, 0x00000000c6d00000, 0x00000000c6e00000|  0%| F|  |TAMS 0x00000000c6d00000| PB 0x00000000c6d00000| Untracked |  0
|   8|0x00000000c6e00000, 0x00000000c6e00000, 0x00000000c6f00000|  0%| F|  |TAMS 0x00000000c6e00000| PB 0x00000000c6e00000| Untracked |  0
|   9|0x00000000c6f00000, 0x00000000c6f00000, 0x00000000c7000000|  0%| F|  |TAMS 0x00000000c6f00000| PB 0x00000000c6f00000| Untracked |  0
|  10|0x00000000c7000000, 0x00000000c7000000, 0x00000000c7100000|  0%| F|  |TAMS 0x00000000c7000000| PB 0x00000000c7000000| Untracked |  0
|  11|0x00000000c7100000, 0x00000000c7100000, 0x00000000c7200000|  0%| F|  |TAMS 0x00000000c7100000| PB 0x00000000c7100000| Untracked |  0
|  12|0x00000000c7200000, 0x00000000c7200000, 0x00000000c7300000|  0%| F|  |TAMS 0x00000000c7200000| PB 0x00000000c7200000| Untracked |  0
|  13|0x00000000c7300000, 0x00000000c7300000, 0x00000000c7400000|  0%| F|  |TAMS 0x00000000c7300000| PB 0x00000000c7300000| Untracked |  0
|  14|0x00000000c7400000, 0x00000000c7400000, 0x00000000c7500000|  0%| F|  |TAMS 0x00000000c7400000| PB 0x00000000c7400000| Untracked |  0
|  15|0x00000000c7500000, 0x00000000c7500000, 0x00000000c7600000|  0%| F|  |TAMS 0x00000000c7500000| PB 0x00000000c7500000| Untracked |  0
|  16|0x00000000c7600000, 0x00000000c7600000, 0x00000000c7700000|  0%| F|  |TAMS 0x00000000c7600000| PB 0x00000000c7600000| Untracked |  0
|  17|0x00000000c7700000, 0x00000000c7700000, 0x00000000c7800000|  0%| F|  |TAMS 0x00000000c7700000| PB 0x00000000c7700000| Untracked |  0
|  18|0x00000000c7800000, 0x00000000c7800000, 0x00000000c7900000|  0%| F|  |TAMS 0x00000000c7800000| PB 0x00000000c7800000| Untracked |  0
|  19|0x00000000c7900000, 0x00000000c7900000, 0x00000000c7a00000|  0%| F|  |TAMS 0x00000000c7900000| PB 0x00000000c7900000| Untracked |  0
|  20|0x00000000c7a00000, 0x00000000c7a00000, 0x00000000c7b00000|  0%| F|  |TAMS 0x00000000c7a00000| PB 0x00000000c7a00000| Untracked |  0
|  21|0x00000000c7b00000, 0x00000000c7b00000, 0x00000000c7c00000|  0%| F|  |TAMS 0x00000000c7b00000| PB 0x00000000c7b00000| Untracked |  0
|  22|0x00000000c7c00000, 0x00000000c7c00000, 0x00000000c7d00000|  0%| F|  |TAMS 0x00000000c7c00000| PB 0x00000000c7c00000| Untracked |  0
|  23|0x00000000c7d00000, 0x00000000c7d00000, 0x00000000c7e00000|  0%| F|  |TAMS 0x00000000c7d00000| PB 0x00000000c7d00000| Untracked |  0
|  24|0x00000000c7e00000, 0x00000000c7e00000, 0x00000000c7f00000|  0%| F|  |TAMS 0x00000000c7e00000| PB 0x00000000c7e00000| Untracked |  0
|  25|0x00000000c7f00000, 0x00000000c7f00000, 0x00000000c8000000|  0%| F|  |TAMS 0x00000000c7f00000| PB 0x00000000c7f00000| Untracked |  0
|  26|0x00000000c8000000, 0x00000000c8000000, 0x00000000c8100000|  0%| F|  |TAMS 0x00000000c8000000| PB 0x00000000c8000000| Untracked |  0
|  27|0x00000000c8100000, 0x00000000c817a880, 0x00000000c8200000| 47%| E|  |TAMS 0x00000000c8100000| PB 0x00000000c8100000| Complete |  0
|  28|0x00000000c8200000, 0x00000000c8300000, 0x00000000c8300000|100%| E|CS|TAMS 0x00000000c8200000| PB 0x00000000c8200000| Complete |  0
|  29|0x00000000c8300000, 0x00000000c8400000, 0x00000000c8400000|100%| E|CS|TAMS 0x00000000c8300000| PB 0x00000000c8300000| Complete |  0
|  30|0x00000000c8400000, 0x00000000c8500000, 0x00000000c8500000|100%| E|CS|TAMS 0x00000000c8400000| PB 0x00000000c8400000| Complete |  0
|  31|0x00000000c8500000, 0x00000000c8600000, 0x00000000c8600000|100%| E|CS|TAMS 0x00000000c8500000| PB 0x00000000c8500000| Complete |  0
|  32|0x00000000c8600000, 0x00000000c8700000, 0x00000000c8700000|100%| S|CS|TAMS 0x00000000c8600000| PB 0x00000000c8600000| Complete |  0
|  33|0x00000000c8700000, 0x00000000c8800000, 0x00000000c8800000|100%| S|CS|TAMS 0x00000000c8700000| PB 0x00000000c8700000| Complete |  0
|  34|0x00000000c8800000, 0x00000000c8900000, 0x00000000c8900000|100%| E|CS|TAMS 0x00000000c8800000| PB 0x00000000c8800000| Complete |  0
|  35|0x00000000c8900000, 0x00000000c8a00000, 0x00000000c8a00000|100%| E|CS|TAMS 0x00000000c8900000| PB 0x00000000c8900000| Complete |  0
|  36|0x00000000c8a00000, 0x00000000c8b00000, 0x00000000c8b00000|100%| E|CS|TAMS 0x00000000c8a00000| PB 0x00000000c8a00000| Complete |  0
|  37|0x00000000c8b00000, 0x00000000c8c00000, 0x00000000c8c00000|100%| E|CS|TAMS 0x00000000c8b00000| PB 0x00000000c8b00000| Complete |  0
|  38|0x00000000c8c00000, 0x00000000c8d00000, 0x00000000c8d00000|100%| E|CS|TAMS 0x00000000c8c00000| PB 0x00000000c8c00000| Complete |  0
|  39|0x00000000c8d00000, 0x00000000c8e00000, 0x00000000c8e00000|100%| E|CS|TAMS 0x00000000c8d00000| PB 0x00000000c8d00000| Complete |  0
|  40|0x00000000c8e00000, 0x00000000c8f00000, 0x00000000c8f00000|100%| E|CS|TAMS 0x00000000c8e00000| PB 0x00000000c8e00000| Complete |  0
|  41|0x00000000c8f00000, 0x00000000c9000000, 0x00000000c9000000|100%| E|CS|TAMS 0x00000000c8f00000| PB 0x00000000c8f00000| Complete |  0
|  42|0x00000000c9000000, 0x00000000c9100000, 0x00000000c9100000|100%| E|CS|TAMS 0x00000000c9000000| PB 0x00000000c9000000| Complete |  0
|  43|0x00000000c9100000, 0x00000000c9200000, 0x00000000c9200000|100%| E|CS|TAMS 0x00000000c9100000| PB 0x00000000c9100000| Complete |  0
|  44|0x00000000c9200000, 0x00000000c9300000, 0x00000000c9300000|100%| E|CS|TAMS 0x00000000c9200000| PB 0x00000000c9200000| Complete |  0
|  45|0x00000000c9300000, 0x00000000c9400000, 0x00000000c9400000|100%| E|CS|TAMS 0x00000000c9300000| PB 0x00000000c9300000| Complete |  0
|  46|0x00000000c9400000, 0x00000000c9500000, 0x00000000c9500000|100%| E|CS|TAMS 0x00000000c9400000| PB 0x00000000c9400000| Complete |  0
|  47|0x00000000c9500000, 0x00000000c9600000, 0x00000000c9600000|100%| E|  |TAMS 0x00000000c9500000| PB 0x00000000c9500000| Complete |  0
|  48|0x00000000c9600000, 0x00000000c9700000, 0x00000000c9700000|100%| E|CS|TAMS 0x00000000c9600000| PB 0x00000000c9600000| Complete |  0
|  49|0x00000000c9700000, 0x00000000c9800000, 0x00000000c9800000|100%| E|CS|TAMS 0x00000000c9700000| PB 0x00000000c9700000| Complete |  0
|  50|0x00000000c9800000, 0x00000000c9900000, 0x00000000c9900000|100%| E|CS|TAMS 0x00000000c9800000| PB 0x00000000c9800000| Complete |  0
|  51|0x00000000c9900000, 0x00000000c9a00000, 0x00000000c9a00000|100%| E|CS|TAMS 0x00000000c9900000| PB 0x00000000c9900000| Complete |  0
|  52|0x00000000c9a00000, 0x00000000c9b00000, 0x00000000c9b00000|100%| E|CS|TAMS 0x00000000c9a00000| PB 0x00000000c9a00000| Complete |  0
|  53|0x00000000c9b00000, 0x00000000c9c00000, 0x00000000c9c00000|100%| E|CS|TAMS 0x00000000c9b00000| PB 0x00000000c9b00000| Complete |  0
|  54|0x00000000c9c00000, 0x00000000c9d00000, 0x00000000c9d00000|100%| E|CS|TAMS 0x00000000c9c00000| PB 0x00000000c9c00000| Complete |  0
|  55|0x00000000c9d00000, 0x00000000c9e00000, 0x00000000c9e00000|100%| E|CS|TAMS 0x00000000c9d00000| PB 0x00000000c9d00000| Complete |  0
|  56|0x00000000c9e00000, 0x00000000c9f00000, 0x00000000c9f00000|100%| E|CS|TAMS 0x00000000c9e00000| PB 0x00000000c9e00000| Complete |  0
|  57|0x00000000c9f00000, 0x00000000ca000000, 0x00000000ca000000|100%| E|CS|TAMS 0x00000000c9f00000| PB 0x00000000c9f00000| Complete |  0
| 920|0x00000000ffe00000, 0x00000000fff00000, 0x00000000fff00000|100%| O|  |TAMS 0x00000000ffe00000| PB 0x00000000ffe00000| Untracked |  0
| 921|0x00000000fff00000, 0x00000000fff24ea8, 0x0000000100000000| 14%| O|  |TAMS 0x00000000fff00000| PB 0x00000000fff00000| Untracked |  0

Card table byte_map: [0x000001e151080000,0x000001e151250000] _byte_map_base: 0x000001e150a4d000

Marking Bits: (CMBitMap*) 0x000001e1390c1a40
 Bits: [0x000001e151250000, 0x000001e1520b8000)

Polling page: 0x000001e136f60000

Metaspace:
Metaspace        used 15062K, committed 15296K, reserved 1114112K
 class space     used 1896K, committed 1984K, reserved 1048576K

Usage:
  Non-class:     12.86 MB used.
      Class:      1.85 MB used.
       Both:     14.71 MB used.

Virtual space:
  Non-class space:       64.00 MB reserved,      13.00 MB ( 20%) committed,  1 nodes.
      Class space:        1.00 GB reserved,       1.94 MB ( <1%) committed,  1 nodes.
             Both:        1.06 GB reserved,      14.94 MB (  1%) committed. 

Chunk freelists:
   Non-Class:  2.35 MB
       Class:  13.88 MB
        Both:  16.23 MB

MaxMetaspaceSize: unlimited
CompressedClassSpaceSize: 1.00 GB
Initial GC threshold: 21.00 MB
Current GC threshold: 21.00 MB
CDS: on
 - commit_granule_bytes: 65536.
 - commit_granule_words: 8192.
 - virtual_space_node_default_size: 8388608.
 - enlarge_chunks_in_place: 1.
UseCompressedClassPointers 1, UseCompactObjectHeaders 0
Narrow klass pointer bits 32, Max shift 3
Narrow klass base: 0x0000000027000000, Narrow klass shift: 0
Encoding Range: [0x0000000027000000 - 0x0000000127000000), (4294967296 bytes)
Klass Range:    [0x0000000027010000 - 0x0000000068000000), (1090453504 bytes)
Klass ID Range:  [65536 - 1090519033) (1090453497)
Protection zone: [0x0000000027000000 - 0x0000000027010000), (65536 bytes)


Internal statistics:

num_allocs_failed_limit: 0.
num_arena_births: 124.
num_arena_deaths: 0.
num_vsnodes_births: 2.
num_vsnodes_deaths: 0.
num_space_committed: 239.
num_space_uncommitted: 0.
num_chunks_returned_to_freelist: 0.
num_chunks_taken_from_freelist: 667.
num_chunk_merges: 0.
num_chunk_splits: 443.
num_chunks_enlarged: 351.
num_inconsistent_stats: 0.

CodeHeap 'non-profiled nmethods': size=120064Kb used=908Kb max_used=908Kb free=119155Kb
 bounds [0x000001e149640000, 0x000001e1498b0000, 0x000001e150b80000]
CodeHeap 'profiled nmethods': size=120000Kb used=5182Kb max_used=5182Kb free=114817Kb
 bounds [0x000001e141b80000, 0x000001e142090000, 0x000001e1490b0000]
CodeHeap 'non-nmethods': size=5696Kb used=1514Kb max_used=1560Kb free=4182Kb
 bounds [0x000001e1490b0000, 0x000001e149320000, 0x000001e149640000]
CodeCache: size=245760Kb, used=7604Kb, max_used=7650Kb, free=238154Kb
 total_blobs=3870, nmethods=3358, adapters=414, full_count=0
Compilation: enabled, stopped_count=0, restarted_count=0

Compilation events (20 events):
Event: 6.291 Thread 0x000001e154a62390 3077       3       java.lang.classfile.ClassHierarchyResolver::cached (18 bytes)
Event: 6.291 Thread 0x000001e154a62390 nmethod 3077 0x000001e14200bb08 code [0x000001e14200bc00, 0x000001e14200bf60]
Event: 6.291 Thread 0x000001e154a62390 3079       3       jdk.internal.classfile.impl.Util$1WithCodeMethodHandler::accept (9 bytes)
Event: 6.292 Thread 0x000001e154a62390 nmethod 3079 0x000001e14200bf88 code [0x000001e14200c080, 0x000001e14200c440]
Event: 6.292 Thread 0x000001e154a62390 3080       3       jdk.internal.classfile.impl.Util$1WithCodeMethodHandler::accept (12 bytes)
Event: 6.292 Thread 0x000001e154a62390 nmethod 3080 0x000001e14200c488 code [0x000001e14200c580, 0x000001e14200c780]
Event: 6.295 Thread 0x000001e154a62390 3081       3       java.lang.invoke.MethodHandles$Lookup::getDirectConstructor (7 bytes)
Event: 6.295 Thread 0x000001e154a62390 nmethod 3081 0x000001e14200c788 code [0x000001e14200c880, 0x000001e14200c9b0]
Event: 6.295 Thread 0x000001e154a62390 3082       3       java.lang.invoke.MethodHandles$Lookup::getDirectConstructorCommon (59 bytes)
Event: 6.296 Thread 0x000001e154a62390 nmethod 3082 0x000001e14200ca88 code [0x000001e14200cb80, 0x000001e14200d210]
Event: 6.296 Thread 0x000001e154a62390 3083       3       java.lang.invoke.MemberName::asConstructor (58 bytes)
Event: 6.296 Thread 0x000001e154a62390 nmethod 3083 0x000001e14200d288 code [0x000001e14200d380, 0x000001e14200dad0]
Event: 6.297 Thread 0x000001e154a62390 3084       3       java.lang.classfile.CodeBuilder::invoke (46 bytes)
Event: 6.298 Thread 0x000001e154a62390 nmethod 3084 0x000001e14200db08 code [0x000001e14200dc00, 0x000001e14200e0d8]
Event: 6.298 Thread 0x000001e154a62390 3085       3       jdk.internal.classfile.impl.DirectCodeBuilder::invoke (43 bytes)
Event: 6.299 Thread 0x000001e154a62390 nmethod 3085 0x000001e14200e108 code [0x000001e14200e200, 0x000001e14200f618]
Event: 6.303 Thread 0x000001e154a62390 3086       3       jdk.internal.misc.Unsafe::copyMemory (33 bytes)
Event: 6.303 Thread 0x000001e154a62390 nmethod 3086 0x000001e14200f688 code [0x000001e14200f780, 0x000001e142010530]
Event: 6.303 Thread 0x000001e154a62390 3087       3       jdk.internal.misc.Unsafe::copyMemoryChecks (21 bytes)
Event: 6.304 Thread 0x000001e154a62390 nmethod 3087 0x000001e142010588 code [0x000001e142010680, 0x000001e142011430]

GC Heap Usage History (4 events):
Event: 4.625 {heap Before GC invocations=0 (full 0):
 garbage-first heap   total reserved 944128K, committed 61440K, used 31891K [0x00000000c6600000, 0x0000000100000000)
  region size 1024K, 30 young (30720K), 0 survivors (0K)
}
Event: 4.637 {heap After GC invocations=1 (full 0):
 garbage-first heap   total reserved 944128K, committed 61440K, used 4755K [0x00000000c6600000, 0x0000000100000000)
  region size 1024K, 4 young (4096K), 4 survivors (4096K)
}
Event: 5.509 {heap Before GC invocations=1 (full 0):
 garbage-first heap   total reserved 944128K, committed 61440K, used 28307K [0x00000000c6600000, 0x0000000100000000)
  region size 1024K, 28 young (28672K), 4 survivors (4096K)
}
Event: 5.521 {heap After GC invocations=2 (full 0):
 garbage-first heap   total reserved 944128K, committed 61440K, used 6420K [0x00000000c6600000, 0x0000000100000000)
  region size 1024K, 2 young (2048K), 2 survivors (2048K)
}

Metaspace Usage History (4 events):
Event: 4.625 {metaspace Before GC invocations=0 (full 0):
 Metaspace       used 6367K, committed 6592K, reserved 1114112K
  class space    used 770K, committed 896K, reserved 1048576K
}
Event: 4.637 {metaspace After GC invocations=1 (full 0):
 Metaspace       used 6367K, committed 6592K, reserved 1114112K
  class space    used 770K, committed 896K, reserved 1048576K
}
Event: 5.509 {metaspace Before GC invocations=1 (full 0):
 Metaspace       used 10782K, committed 11008K, reserved 1114112K
  class space    used 1364K, committed 1472K, reserved 1048576K
}
Event: 5.521 {metaspace After GC invocations=2 (full 0):
 Metaspace       used 10782K, committed 11008K, reserved 1114112K
  class space    used 1364K, committed 1472K, reserved 1048576K
}

Dll operation events (7 events):
Event: 0.016 Loaded shared library C:\Program Files\Apache NetBeans\jdk\bin\java.dll
Event: 0.124 Loaded shared library C:\Program Files\Apache NetBeans\jdk\bin\net.dll
Event: 0.132 Loaded shared library C:\Program Files\Apache NetBeans\jdk\bin\nio.dll
Event: 0.257 Loaded shared library C:\Program Files\Apache NetBeans\jdk\bin\zip.dll
Event: 3.392 Loaded shared library C:\Program Files\Apache NetBeans\jdk\bin\jimage.dll
Event: 3.406 Loaded shared library C:\Program Files\Apache NetBeans\java\maven\lib\jansi-native\Windows\x86_64\jansi.dll
Event: 3.433 Loaded shared library C:\Program Files\Apache NetBeans\jdk\bin\verify.dll

Deoptimization events (20 events):
Event: 6.211 Thread 0x000001e136dbe230 Uncommon trap: trap_request=0xffffff45 fr.pc=0x000001e1496f57e8 relative=0x0000000000000068
Event: 6.211 Thread 0x000001e136dbe230 Uncommon trap: reason=unstable_if action=reinterpret pc=0x000001e1496f57e8 method=java.util.Objects.equals(Ljava/lang/Object;Ljava/lang/Object;)Z @ 6 c2
Event: 6.211 Thread 0x000001e136dbe230 DEOPT PACKING pc=0x000001e1496f57e8 sp=0x0000007e277fe3d0
Event: 6.211 Thread 0x000001e136dbe230 DEOPT UNPACKING pc=0x000001e1491e3982 sp=0x0000007e277fe370 mode 2
Event: 6.257 Thread 0x000001e136dbe230 Uncommon trap: trap_request=0xffffff45 fr.pc=0x000001e1496a1b5c relative=0x000000000000065c
Event: 6.257 Thread 0x000001e136dbe230 Uncommon trap: reason=unstable_if action=reinterpret pc=0x000001e1496a1b5c method=java.lang.String.decodeASCII([BI[CII)I @ 13 c2
Event: 6.257 Thread 0x000001e136dbe230 DEOPT PACKING pc=0x000001e1496a1b5c sp=0x0000007e277fdc50
Event: 6.257 Thread 0x000001e136dbe230 DEOPT UNPACKING pc=0x000001e1491e3982 sp=0x0000007e277fda78 mode 2
Event: 6.268 Thread 0x000001e136dbe230 Uncommon trap: trap_request=0xffffffde fr.pc=0x000001e1496f7bcc relative=0x000000000000064c
Event: 6.268 Thread 0x000001e136dbe230 Uncommon trap: reason=class_check action=maybe_recompile pc=0x000001e1496f7bcc method=java.util.HashMap.putVal(ILjava/lang/Object;Ljava/lang/Object;ZZ)Ljava/lang/Object; @ 203 c2
Event: 6.268 Thread 0x000001e136dbe230 DEOPT PACKING pc=0x000001e1496f7bcc sp=0x0000007e277fdda0
Event: 6.268 Thread 0x000001e136dbe230 DEOPT UNPACKING pc=0x000001e1491e3982 sp=0x0000007e277fdd00 mode 2
Event: 6.271 Thread 0x000001e136dbe230 Uncommon trap: trap_request=0xffffffde fr.pc=0x000001e1496f7bcc relative=0x000000000000064c
Event: 6.271 Thread 0x000001e136dbe230 Uncommon trap: reason=class_check action=maybe_recompile pc=0x000001e1496f7bcc method=java.util.HashMap.putVal(ILjava/lang/Object;Ljava/lang/Object;ZZ)Ljava/lang/Object; @ 203 c2
Event: 6.271 Thread 0x000001e136dbe230 DEOPT PACKING pc=0x000001e1496f7bcc sp=0x0000007e277fdfc0
Event: 6.271 Thread 0x000001e136dbe230 DEOPT UNPACKING pc=0x000001e1491e3982 sp=0x0000007e277fdf20 mode 2
Event: 6.273 Thread 0x000001e136dbe230 Uncommon trap: trap_request=0xffffffde fr.pc=0x000001e1496f7bcc relative=0x000000000000064c
Event: 6.273 Thread 0x000001e136dbe230 Uncommon trap: reason=class_check action=maybe_recompile pc=0x000001e1496f7bcc method=java.util.HashMap.putVal(ILjava/lang/Object;Ljava/lang/Object;ZZ)Ljava/lang/Object; @ 203 c2
Event: 6.273 Thread 0x000001e136dbe230 DEOPT PACKING pc=0x000001e1496f7bcc sp=0x0000007e277fdcc0
Event: 6.273 Thread 0x000001e136dbe230 DEOPT UNPACKING pc=0x000001e1491e3982 sp=0x0000007e277fdc20 mode 2

Classes loaded (20 events):
Event: 6.206 Loading class sun/nio/fs/WindowsFileSystemProvider$1
Event: 6.206 Loading class sun/nio/fs/WindowsFileSystemProvider$1 done
Event: 6.207 Loading class sun/nio/fs/WindowsChannelFactory$2
Event: 6.208 Loading class sun/nio/fs/WindowsChannelFactory$2 done
Event: 6.208 Loading class sun/nio/ch/FileLockImpl
Event: 6.209 Loading class sun/nio/ch/FileLockImpl done
Event: 6.209 Loading class sun/nio/ch/FileLockTable
Event: 6.209 Loading class sun/nio/ch/FileLockTable done
Event: 6.209 Loading class sun/nio/ch/FileKey
Event: 6.209 Loading class sun/nio/ch/FileKey done
Event: 6.209 Loading class sun/nio/ch/FileLockTable$FileLockReference
Event: 6.210 Loading class sun/nio/ch/FileLockTable$FileLockReference done
Event: 6.211 Loading class java/util/AbstractMap$2
Event: 6.212 Loading class java/util/AbstractMap$2 done
Event: 6.212 Loading class java/util/AbstractMap$ValueIterator
Event: 6.212 Loading class java/util/AbstractMap$ValueIterator done
Event: 6.239 Loading class java/util/Formatter$FixedString
Event: 6.240 Loading class java/util/Formatter$FixedString done
Event: 6.273 Loading class java/util/stream/Streams$RangeIntSpliterator
Event: 6.274 Loading class java/util/stream/Streams$RangeIntSpliterator done

Classes unloaded (0 events):
No events

Classes redefined (0 events):
No events

Internal exceptions (20 events):
Event: 3.634 Thread 0x000001e136dbe230 Exception <a 'java/lang/NoSuchMethodError'{0x00000000c9715f10}: 'java.lang.Object java.lang.invoke.DirectMethodHandle$Holder.invokeSpecialIFC(java.lang.Object, java.lang.Object, java.lang.Object, java.lang.Object)'> (0x00000000c9715f10) 
thrown [s\src\hotspot\share\interpreter\linkResolver.cpp, line 804]
Event: 4.010 Thread 0x000001e136dbe230 Exception <a 'java/lang/NoSuchMethodError'{0x00000000c9205410}: 'void java.lang.invoke.DirectMethodHandle$Holder.invokeSpecial(java.lang.Object, java.lang.Object, java.lang.Object)'> (0x00000000c9205410) 
thrown [s\src\hotspot\share\interpreter\linkResolver.cpp, line 804]
Event: 4.088 Thread 0x000001e136dbe230 Exception <a 'java/lang/NoSuchMethodError'{0x00000000c911ff40}: 'java.lang.Object java.lang.invoke.DirectMethodHandle$Holder.invokeInterface(java.lang.Object, java.lang.Object)'> (0x00000000c911ff40) 
thrown [s\src\hotspot\share\interpreter\linkResolver.cpp, line 804]
Event: 4.118 Thread 0x000001e136dbe230 Exception <a 'java/lang/NoSuchMethodError'{0x00000000c91cb9d8}: 'int java.lang.invoke.DirectMethodHandle$Holder.invokeStatic(java.lang.Object, java.lang.Object, java.lang.Object, java.lang.Object)'> (0x00000000c91cb9d8) 
thrown [s\src\hotspot\share\interpreter\linkResolver.cpp, line 804]
Event: 4.128 Thread 0x000001e136dbe230 Exception <a 'java/lang/NoSuchMethodError'{0x00000000c91f55b0}: 'int java.lang.invoke.DirectMethodHandle$Holder.invokeSpecialIFC(java.lang.Object, java.lang.Object, java.lang.Object, java.lang.Object, java.lang.Object)'> (0x00000000c91f55b0) 
thrown [s\src\hotspot\share\interpreter\linkResolver.cpp, line 804]
Event: 4.263 Thread 0x000001e136dbe230 Exception <a 'java/lang/NoSuchMethodError'{0x00000000c8fc42c0}: 'java.lang.Object java.lang.invoke.DirectMethodHandle$Holder.newInvokeSpecial(java.lang.Object, java.lang.Object, java.lang.Object, java.lang.Object, java.lang.Object)'> (0x00000000c8fc42c0) 
thrown [s\src\hotspot\share\interpreter\linkResolver.cpp, line 804]
Event: 4.337 Thread 0x000001e136dbe230 Exception <a 'java/lang/NoSuchMethodError'{0x00000000c8edd198}: 'int java.lang.invoke.DirectMethodHandle$Holder.invokeStaticInit(java.lang.Object, java.lang.Object)'> (0x00000000c8edd198) 
thrown [s\src\hotspot\share\interpreter\linkResolver.cpp, line 804]
Event: 4.348 Thread 0x000001e136dbe230 Exception <a 'java/lang/NoClassDefFoundError'{0x00000000c8d17a70}: javax/enterprise/inject/Typed> (0x00000000c8d17a70) 
thrown [s\src\hotspot\share\classfile\systemDictionary.cpp, line 316]
Event: 5.426 Thread 0x000001e136dbe230 Exception <a 'java/lang/NoSuchMethodError'{0x00000000c8927f38}: 'void java.lang.invoke.DirectMethodHandle$Holder.invokeStaticInit(java.lang.Object, java.lang.Object, java.lang.Object)'> (0x00000000c8927f38) 
thrown [s\src\hotspot\share\interpreter\linkResolver.cpp, line 804]
Event: 5.453 Thread 0x000001e136dbe230 Implicit null exception at 0x000001e1496bf99d to 0x000001e1496bfb2c
Event: 5.456 Thread 0x000001e136dbe230 Exception <a 'java/lang/NoSuchMethodError'{0x00000000c89b2240}: 'java.lang.Object java.lang.invoke.Invokers$Holder.invokeExact_MT(java.lang.Object, int, java.lang.Object)'> (0x00000000c89b2240) 
thrown [s\src\hotspot\share\interpreter\linkResolver.cpp, line 804]
Event: 5.783 Thread 0x000001e136dbe230 Exception <a 'java/lang/NoSuchMethodError'{0x00000000c99bfd48}: 'void java.lang.invoke.Invokers$Holder.invokeExact_MT(java.lang.Object, java.lang.Object, java.lang.Object, java.lang.Object)'> (0x00000000c99bfd48) 
thrown [s\src\hotspot\share\interpreter\linkResolver.cpp, line 804]
Event: 5.811 Thread 0x000001e136dbe230 Exception <a 'java/lang/NoClassDefFoundError'{0x00000000c983fdc8}: com/google/inject/servlet/ServletModuleTargetVisitor> (0x00000000c983fdc8) 
thrown [s\src\hotspot\share\classfile\systemDictionary.cpp, line 316]
Event: 5.961 Thread 0x000001e136dbe230 Exception <a 'java/lang/NoSuchMethodError'{0x00000000c9576f10}: 'java.lang.Object java.lang.invoke.DirectMethodHandle$Holder.invokeStaticInit(java.lang.Object, int, int, int, int)'> (0x00000000c9576f10) 
thrown [s\src\hotspot\share\interpreter\linkResolver.cpp, line 804]
Event: 6.098 Thread 0x000001e136dbe230 Exception <a 'java/lang/NoSuchMethodError'{0x00000000c92fae40}: 'java.lang.Object java.lang.invoke.DirectMethodHandle$Holder.invokeVirtual(java.lang.Object, java.lang.Object, java.lang.Object)'> (0x00000000c92fae40) 
thrown [s\src\hotspot\share\interpreter\linkResolver.cpp, line 804]
Event: 6.100 Thread 0x000001e136dbe230 Exception <a 'java/lang/NoSuchMethodError'{0x00000000c91216a0}: 'void java.lang.invoke.DirectMethodHandle$Holder.invokeSpecial(java.lang.Object, java.lang.Object, java.lang.Object, java.lang.Object, java.lang.Object, java.lang.Object)'> (0x00000000c91216a0) 
thrown [s\src\hotspot\share\interpreter\linkResolver.cpp, line 804]
Event: 6.131 Thread 0x000001e136dbe230 Exception <a 'java/lang/NoSuchMethodError'{0x00000000c903c670}: 'void java.lang.invoke.DirectMethodHandle$Holder.invokeVirtual(java.lang.Object, java.lang.Object, int)'> (0x00000000c903c670) 
thrown [s\src\hotspot\share\interpreter\linkResolver.cpp, line 804]
Event: 6.136 Thread 0x000001e136dbe230 Exception <a 'java/lang/NoSuchMethodError'{0x00000000c9055570}: 'java.lang.Object java.lang.invoke.DirectMethodHandle$Holder.invokeStatic(java.lang.Object, java.lang.Object, java.lang.Object, java.lang.Object, int)'> (0x00000000c9055570) 
thrown [s\src\hotspot\share\interpreter\linkResolver.cpp, line 804]
Event: 6.137 Thread 0x000001e136dbe230 Exception <a 'java/lang/NoSuchMethodError'{0x00000000c9066ca0}: 'void java.lang.invoke.DirectMethodHandle$Holder.invokeSpecial(java.lang.Object, java.lang.Object, java.lang.Object, int)'> (0x00000000c9066ca0) 
thrown [s\src\hotspot\share\interpreter\linkResolver.cpp, line 804]
Event: 6.138 Thread 0x000001e136dbe230 Exception <a 'java/lang/NoSuchMethodError'{0x00000000c906f038}: 'void java.lang.invoke.DelegatingMethodHandle$Holder.reinvoke_L(java.lang.Object, java.lang.Object, int)'> (0x00000000c906f038) 
thrown [s\src\hotspot\share\interpreter\linkResolver.cpp, line 804]

VM Operations (20 events):
Event: 5.509 Executing safepoint VM operation: G1CollectForAllocation (G1 Evacuation Pause)
Event: 5.521 Executing safepoint VM operation: G1CollectForAllocation (G1 Evacuation Pause) done
Event: 5.524 Executing non-safepoint VM operation: HandshakeAllThreads (Deoptimize)
Event: 5.524 Executing non-safepoint VM operation: HandshakeAllThreads (Deoptimize) done
Event: 5.527 Executing non-safepoint VM operation: HandshakeAllThreads (Deoptimize)
Event: 5.527 Executing non-safepoint VM operation: HandshakeAllThreads (Deoptimize) done
Event: 5.602 Executing non-safepoint VM operation: HandshakeAllThreads (Deoptimize)
Event: 5.602 Executing non-safepoint VM operation: HandshakeAllThreads (Deoptimize) done
Event: 5.772 Executing non-safepoint VM operation: HandshakeAllThreads (Deoptimize)
Event: 5.773 Executing non-safepoint VM operation: HandshakeAllThreads (Deoptimize) done
Event: 5.896 Executing non-safepoint VM operation: HandshakeAllThreads (Deoptimize)
Event: 5.896 Executing non-safepoint VM operation: HandshakeAllThreads (Deoptimize) done
Event: 5.929 Executing non-safepoint VM operation: HandshakeAllThreads (Deoptimize)
Event: 5.929 Executing non-safepoint VM operation: HandshakeAllThreads (Deoptimize) done
Event: 5.983 Executing non-safepoint VM operation: HandshakeAllThreads (Deoptimize)
Event: 5.984 Executing non-safepoint VM operation: HandshakeAllThreads (Deoptimize) done
Event: 6.047 Executing non-safepoint VM operation: HandshakeAllThreads (Deoptimize)
Event: 6.047 Executing non-safepoint VM operation: HandshakeAllThreads (Deoptimize) done
Event: 6.051 Executing non-safepoint VM operation: HandshakeAllThreads (Deoptimize)
Event: 6.051 Executing non-safepoint VM operation: HandshakeAllThreads (Deoptimize) done

Memory protections (0 events):
No events

Nmethod flushes (0 events):
No events

Events (13 events):
Event: 0.046 Thread 0x000001e136dbe230 Thread added: 0x000001e136dbe230
Event: 0.069 Thread 0x000001e136dbe230 Thread added: 0x000001e139143aa0
Event: 0.070 Thread 0x000001e136dbe230 Thread added: 0x000001e139144500
Event: 0.071 Thread 0x000001e136dbe230 Thread added: 0x000001e139147160
Event: 0.071 Thread 0x000001e136dbe230 Thread added: 0x000001e139148d30
Event: 0.071 Thread 0x000001e136dbe230 Thread added: 0x000001e13914a090
Event: 0.071 Thread 0x000001e136dbe230 Thread added: 0x000001e13914b3f0
Event: 0.072 Thread 0x000001e136dbe230 Thread added: 0x000001e154a61780
Event: 0.072 Thread 0x000001e136dbe230 Thread added: 0x000001e154a62390
Event: 0.096 Thread 0x000001e136dbe230 Thread added: 0x000001e154bc6630
Event: 0.101 Thread 0x000001e136dbe230 Thread added: 0x000001e154bd1e90
Event: 3.386 Thread 0x000001e136dbe230 Thread added: 0x000001e154d21860
Event: 3.419 Thread 0x000001e154d21860 Thread exited: 0x000001e154d21860


Dynamic libraries:
0x00007ff7cd420000 - 0x00007ff7cd42e000 	C:\Program Files\Apache NetBeans\jdk\bin\java.exe
0x00007ffcd9bb0000 - 0x00007ffcd9da8000 	C:\WINDOWS\SYSTEM32\ntdll.dll
0x00007ffca74d0000 - 0x00007ffca74f1000 	C:\Program Files\AVG\Antivirus\aswhook.dll
0x00007ffcd9260000 - 0x00007ffcd9322000 	C:\WINDOWS\System32\KERNEL32.DLL
0x00007ffcd7270000 - 0x00007ffcd7566000 	C:\WINDOWS\System32\KERNELBASE.dll
0x00007ffcd7860000 - 0x00007ffcd7960000 	C:\WINDOWS\System32\ucrtbase.dll
0x00007ffcce9c0000 - 0x00007ffcce9de000 	C:\Program Files\Apache NetBeans\jdk\bin\VCRUNTIME140.dll
0x00007ffcce4e0000 - 0x00007ffcce4f6000 	C:\Program Files\Apache NetBeans\jdk\bin\jli.dll
0x00007ffcd9330000 - 0x00007ffcd94d1000 	C:\WINDOWS\System32\USER32.dll
0x00007ffcc42b0000 - 0x00007ffcc454b000 	C:\WINDOWS\WinSxS\amd64_microsoft.windows.common-controls_6595b64144ccf1df_6.0.19041.6456_none_60b8a6cb71f64256\COMCTL32.dll
0x00007ffcd7240000 - 0x00007ffcd7262000 	C:\WINDOWS\System32\win32u.dll
0x00007ffcd8b50000 - 0x00007ffcd8bee000 	C:\WINDOWS\System32\msvcrt.dll
0x00007ffcd8d80000 - 0x00007ffcd8dab000 	C:\WINDOWS\System32\GDI32.dll
0x00007ffcd7a10000 - 0x00007ffcd7b29000 	C:\WINDOWS\System32\gdi32full.dll
0x00007ffcd7b30000 - 0x00007ffcd7bcd000 	C:\WINDOWS\System32\msvcp_win.dll
0x00007ffcd9ad0000 - 0x00007ffcd9aff000 	C:\WINDOWS\System32\IMM32.DLL
0x00007ffcd01d0000 - 0x00007ffcd01dc000 	C:\Program Files\Apache NetBeans\jdk\bin\vcruntime140_1.dll
0x00007ffca3090000 - 0x00007ffca311d000 	C:\Program Files\Apache NetBeans\jdk\bin\msvcp140.dll
0x00007ffc468f0000 - 0x00007ffc47816000 	C:\Program Files\Apache NetBeans\jdk\bin\server\jvm.dll
0x00007ffcd90d0000 - 0x00007ffcd9181000 	C:\WINDOWS\System32\ADVAPI32.dll
0x00007ffcd8ab0000 - 0x00007ffcd8b4f000 	C:\WINDOWS\System32\sechost.dll
0x00007ffcd8c50000 - 0x00007ffcd8d70000 	C:\WINDOWS\System32\RPCRT4.dll
0x00007ffcd75f0000 - 0x00007ffcd7617000 	C:\WINDOWS\System32\bcrypt.dll
0x00007ffcd9b00000 - 0x00007ffcd9b6b000 	C:\WINDOWS\System32\WS2_32.dll
0x00007ffccdf20000 - 0x00007ffccdf2a000 	C:\WINDOWS\SYSTEM32\VERSION.dll
0x00007ffcb9af0000 - 0x00007ffcb9b17000 	C:\WINDOWS\SYSTEM32\WINMM.dll
0x00007ffcd70a0000 - 0x00007ffcd70eb000 	C:\WINDOWS\SYSTEM32\POWRPROF.dll
0x00007ffcd7080000 - 0x00007ffcd7092000 	C:\WINDOWS\SYSTEM32\UMPDC.dll
0x00007ffcd5a20000 - 0x00007ffcd5a32000 	C:\WINDOWS\SYSTEM32\kernel.appcore.dll
0x00007ffccfc50000 - 0x00007ffccfc5a000 	C:\Program Files\Apache NetBeans\jdk\bin\jimage.dll
0x00007ffcd4ee0000 - 0x00007ffcd50e1000 	C:\WINDOWS\SYSTEM32\DBGHELP.DLL
0x00007ffccb6d0000 - 0x00007ffccb704000 	C:\WINDOWS\SYSTEM32\dbgcore.DLL
0x00007ffcd7620000 - 0x00007ffcd76a2000 	C:\WINDOWS\System32\bcryptPrimitives.dll
0x00007ffcce590000 - 0x00007ffcce5ae000 	C:\Program Files\Apache NetBeans\jdk\bin\java.dll
0x00007ffcd8fa0000 - 0x00007ffcd90cb000 	C:\WINDOWS\System32\ole32.dll
0x00007ffcd94e0000 - 0x00007ffcd9834000 	C:\WINDOWS\System32\combase.dll
0x00007ffcd82c0000 - 0x00007ffcd8a30000 	C:\WINDOWS\System32\SHELL32.dll
0x00007ffcd5260000 - 0x00007ffcd5a05000 	C:\WINDOWS\SYSTEM32\windows.storage.dll
0x00007ffcd6b90000 - 0x00007ffcd6bbb000 	C:\WINDOWS\SYSTEM32\Wldp.dll
0x00007ffcd9190000 - 0x00007ffcd925d000 	C:\WINDOWS\System32\OLEAUT32.dll
0x00007ffcd8e70000 - 0x00007ffcd8f1d000 	C:\WINDOWS\System32\SHCORE.dll
0x00007ffcd7de0000 - 0x00007ffcd7e3b000 	C:\WINDOWS\System32\shlwapi.dll
0x00007ffcd7170000 - 0x00007ffcd7194000 	C:\WINDOWS\SYSTEM32\profapi.dll
0x00007ffcc4240000 - 0x00007ffcc4251000 	C:\Program Files\Apache NetBeans\jdk\bin\net.dll
0x00007ffcd68f0000 - 0x00007ffcd695a000 	C:\WINDOWS\system32\mswsock.dll
0x00007ffcc39e0000 - 0x00007ffcc39f6000 	C:\Program Files\Apache NetBeans\jdk\bin\nio.dll
0x00007ffcc7080000 - 0x00007ffcc7097000 	C:\Program Files\Apache NetBeans\jdk\bin\zip.dll
0x00007ffcc3f70000 - 0x00007ffcc3f94000 	C:\Program Files\Apache NetBeans\java\maven\lib\jansi-native\Windows\x86_64\jansi.dll
0x00007ffccf5a0000 - 0x00007ffccf5b0000 	C:\Program Files\Apache NetBeans\jdk\bin\verify.dll

JVMTI agents: none

dbghelp: loaded successfully - version: 4.0.5 - missing functions: none
symbol engine: initialized successfully - sym options: 0x614 - pdb path: .;C:\Program Files\Apache NetBeans\jdk\bin;C:\WINDOWS\SYSTEM32;C:\Program Files\AVG\Antivirus;C:\WINDOWS\WinSxS\amd64_microsoft.windows.common-controls_6595b64144ccf1df_6.0.19041.6456_none_60b8a6cb71f64256;C:\Program Files\Apache NetBeans\jdk\bin\server;C:\Program Files\Apache NetBeans\java\maven\lib\jansi-native\Windows\x86_64

VM Arguments:
jvm_args: --enable-native-access=ALL-UNNAMED -Dclassworlds.conf=C:\Program Files\Apache NetBeans\java\maven\bin\m2.conf -Dmaven.home=C:\Program Files\Apache NetBeans\java\maven -Dlibrary.jansi.path=C:\Program Files\Apache NetBeans\java\maven\lib\jansi-native -Dmaven.multiModuleProjectDirectory=C:\Users\fortune\OneDrive\Documents\NetBeansProjects\PROG5121_POE-2026(FORTUNE MASHILE)\Registration 
java_command: org.codehaus.plexus.classworlds.launcher.Launcher -Dexec.vmArgs= -Dexec.args=${exec.vmArgs} -classpath %classpath ${exec.mainClass} ${exec.appArgs} -Dexec.appArgs= -Dexec.mainClass=com.poe.registration.Registration -Dexec.executable=C:\Program Files\Apache NetBeans\jdk\bin\java.exe -Dmaven.ext.class.path=C:\Program Files\Apache NetBeans\java\maven-nblib\netbeans-eventspy.jar --no-transfer-progress process-classes org.codehaus.mojo:exec-maven-plugin:3.5.1:exec
java_class_path (initial): C:\Program Files\Apache NetBeans\java\maven\boot\plexus-classworlds-2.9.0.jar
Launcher Type: SUN_STANDARD

[Global flags]
     intx CICompilerCount                          = 4                                         {product} {ergonomic}
     uint ConcGCThreads                            = 2                                         {product} {ergonomic}
     uint G1ConcRefinementThreads                  = 8                                         {product} {ergonomic}
   size_t G1HeapRegionSize                         = 1048576                                   {product} {ergonomic}
   size_t InitialHeapSize                          = 60817408                                  {product} {ergonomic}
   size_t MarkStackSize                            = 4194304                                   {product} {ergonomic}
   size_t MarkStackSizeMax                         = 536870912                                 {product} {ergonomic}
   size_t MaxHeapSize                              = 966787072                                 {product} {ergonomic}
   size_t MaxNewSize                               = 579862528                                 {product} {ergonomic}
   size_t MinHeapDeltaBytes                        = 1048576                                   {product} {ergonomic}
   size_t MinHeapSize                              = 8388608                                   {product} {ergonomic}
    uintx NonNMethodCodeHeapSize                   = 5832704                                {pd product} {ergonomic}
    uintx NonProfiledCodeHeapSize                  = 122945536                              {pd product} {ergonomic}
    uintx ProfiledCodeHeapSize                     = 122880000                              {pd product} {ergonomic}
    uintx ReservedCodeCacheSize                    = 251658240                              {pd product} {ergonomic}
     bool SegmentedCodeCache                       = true                                      {product} {ergonomic}
   size_t SoftMaxHeapSize                          = 966787072                              {manageable} {ergonomic}
     bool UseCompressedOops                        = true                           {product lp64_product} {ergonomic}
     bool UseG1GC                                  = true                                      {product} {ergonomic}
     bool UseLargePagesIndividualAllocation        = false                                  {pd product} {ergonomic}

Logging:
Log output configuration:
 #0: stdout all=warning uptime,level,tags foldmultilines=false
 #1: stderr all=off uptime,level,tags foldmultilines=false

Release file:
IMPLEMENTOR="Eclipse Adoptium" 
IMPLEMENTOR_VERSION="Temurin-25.0.2+10" 
JAVA_RUNTIME_VERSION="25.0.2+10-LTS" 
JAVA_VERSION="25.0.2" 
JAVA_VERSION_DATE="2026-01-20" 
LIBC="default" 
MODULES="java.base java.compiler java.datatransfer java.xml java.prefs java.desktop java.instrument java.logging java.management java.security.sasl java.naming java.rmi java.management.rmi java.net.http java.scripting java.security.jgss java.transaction.xa java.sql java.sql.rowset java.xml.crypto java.se java.smartcardio jdk.accessibility jdk.internal.jvmstat jdk.attach jdk.charsets jdk.internal.opt jdk.zipfs jdk.compiler jdk.crypto.cryptoki jdk.crypto.ec jdk.crypto.mscapi jdk.dynalink jdk.internal.ed jdk.editpad jdk.internal.vm.ci jdk.graal.compiler jdk.graal.compiler.management jdk.hotspot.agent jdk.httpserver jdk.incubator.vector jdk.internal.le jdk.internal.md jdk.jartool jdk.javadoc jdk.jcmd jdk.management jdk.management.agent jdk.jconsole jdk.jdeps jdk.jdwp.agent jdk.jdi jdk.jfr jdk.jlink jdk.jpackage jdk.jshell jdk.jsobject jdk.jstatd jdk.localedata jdk.management.jfr jdk.naming.dns jdk.naming.rmi jdk.net jdk.nio.mapmode jdk.sctp jdk.security.auth jdk.security.jgss jdk.unsupported jdk.unsupported.desktop jdk.xml.dom" 
OS_ARCH="x86_64" 
OS_NAME="Windows" 
SOURCE=".:git:9e3c947043a4" 
BUILD_SOURCE="git:458965074606f027bd5afce2cfd5c1055dea0438"
BUILD_SOURCE_REPO="https://github.com/adoptium/temurin-build.git"
SOURCE_REPO="https://github.com/adoptium/jdk25u.git"
FULL_VERSION="25.0.2+10-LTS"
SEMANTIC_VERSION="25.0.2+10"
BUILD_INFO="OS: Windows Server 2022 Version: 10.0"
JVM_VARIANT="Hotspot"
JVM_VERSION="25.0.2+10-LTS"
IMAGE_TYPE="JDK"

Environment Variables:
JAVA_HOME=C:\Program Files\Apache NetBeans\jdk
PATH=C:\WINDOWS\system32;C:\WINDOWS;C:\WINDOWS\System32\Wbem;C:\WINDOWS\System32\WindowsPowerShell\v1.0\;C:\WINDOWS\System32\OpenSSH\;C:\Users\fortune\AppData\Local\Microsoft\WindowsApps;C:\Users\fortune\AppData\Local\Programs\Microsoft VS Code\bin;C:\Program Files\Apache NetBeans\bin\
USERNAME=fortune
OS=Windows_NT
PROCESSOR_IDENTIFIER=Intel64 Family 6 Model 126 Stepping 5, GenuineIntel
TMP=C:\Users\fortune\AppData\Local\Temp
TEMP=C:\Users\fortune\AppData\Local\Temp




Compilation memory statistics disabled.

Periodic native trim disabled

---------------  S Y S T E M  ---------------

OS:
 Windows 10 , 64 bit Build 19041 (10.0.19041.5915)
OS uptime: 25 days 18:49 hours
Hyper-V role detected

CPU: total 8 (initial active 8) (4 cores per cpu, 2 threads per core) family 6 model 126 stepping 5 microcode 0xbc, cx8, cmov, fxsr, ht, mmx, 3dnowpref, sse, sse2, sse3, ssse3, sse4.1, sse4.2, popcnt, lzcnt, tsc, tscinvbit, avx, avx2, aes, erms, clmul, bmi1, bmi2, adx, avx512f, avx512dq, avx512cd, avx512bw, avx512vl, sha, fma, vzeroupper, avx512_vpopcntdq, avx512_vpclmulqdq, avx512_vaes, avx512_vnni, clflush, clflushopt, avx512_vbmi2, avx512_vbmi, hv, rdtscp, rdpid, fsrm, gfni, avx512_bitalg, f16c, avx512_ifma
Processor Information for the first 8 processors :
  Max Mhz: 1190, Current Mhz: 991, Mhz Limit: 987

Memory: 4k page, system-wide physical 3682M (229M free)
TotalPageFile size 10996M (AvailPageFile size 4M)
current process WorkingSet (physical memory assigned to process): 114M, peak: 114M
current process commit charge ("private bytes"): 175M, peak: 181M

vm_info: OpenJDK 64-Bit Server VM (25.0.2+10-LTS) for windows-amd64 JRE (25.0.2+10-LTS), built on 2026-01-20T00:00:00Z with MS VC++ 17.12 (VS2022)

END.
